2014-12-31 20:31:48: Area Code: DN - Devon
2014-12-31 20:31:48:  
2014-12-31 20:31:48: Lastread: 2014-12-23
 
Walk types
 
    Start Exact                                  : 174
    Meeting Exact  Start Exact                   : 38
    Start Non-Exact                              : 55
    Meeting Exact  Start Non-Exact               : 15
 
2014-12-31 20:31:48: Walkid, Type, Description
2014-12-31 20:31:48: 3779859, Start, 'Plympton Mudge Way Long Stay CP'
2014-12-31 20:31:48: 3779398, Start, 'Baggy Point NT CP'
2014-12-31 20:31:48: 3779399, Start, 'Trout Inn Bickleigh CP'
2014-12-31 20:31:48: 3779861, Meet , 'Towerfield Drive'
2014-12-31 20:31:48: 3779861, Start, 'Sharpitor CP'
2014-12-31 20:31:48: 3779401, Start, 'Torrington Commons free CP'
2014-12-31 20:31:48: 3779862, Start, 'Roborough, CP first L past Dartmoor Diner'
2014-12-31 20:31:48: 3779864, Meet , 'Towerfield Drive'
2014-12-31 20:31:48: 3779864, Start, 'Pork Hill CP'
2014-12-31 20:31:48: 3779402, Start, 'Brownsham NT CP'
2014-12-31 20:31:48: 3779863, Meet , 'Haye Road CP Elburton'
2014-12-31 20:31:48: 3779863, Start, 'Down Thomas, opposite Mussel Inn (roadside)'
2014-12-31 20:31:48: 3779403, Start, 'Fairview CP Barnstaple.'
2014-12-31 20:31:48: 3779865, Start, 'Church Lane, W. Charleton'
2014-12-31 20:31:48: 3779869, Meet , 'Tesco Transit Way'
2014-12-31 20:31:48: 3779869, Start, 'Tamar Trails CP (aka Bedford Sawmills)'
2014-12-31 20:31:48: 3779872, Meet , 'Towerfield Drive'
2014-12-31 20:31:48: 3793340, Meet , 'Towerfield Drive'
2014-12-31 20:31:48: 3793340, Start, 'Burrator Quarry CP '
2014-12-31 20:31:48: 3792254, Meet , 'B&Q CP Marsh Mills'
2014-12-31 20:31:48: 3792254, Start, 'Denbury Green '
2014-12-31 20:31:48: 3792308, Meet , 'B&Q Marshmills'
2014-12-31 20:31:48: 3792308, Start, 'Ivybridge Viaduct'
2014-12-31 20:31:48: 3792251, Meet , 'Haye Road Elburton'
2014-12-31 20:31:48: 3792251, Start, 'Brownston Street, Modbury (roadside parking)'
2014-12-31 20:31:48: 3792310, Meet , 'Towerfield Drive, Roborough'
2014-12-31 20:31:48: 3792310, Start, 'Lowery Cross CP'
2014-12-31 20:31:48: 3792311, Meet , 'Towerfield Drive, Roborough.'
2014-12-31 20:31:48: 3792311, Start, 'Yelverton CP over the cattle grid.'
2014-12-31 20:31:48: 3792313, Meet , 'B&Q CP Marsh Mills'
2014-12-31 20:31:48: 3792313, Start, 'Shipley Bridge CP'
2014-12-31 20:31:48: 3792314, Start, 'Devonport Park bandstand'
2014-12-31 20:31:48: 3792260, Meet , 'Towerfield Drive, Roborough'
2014-12-31 20:31:48: 3792260, Start, 'Pork Hill CP'
2014-12-31 20:31:48: 3792417, Meet , 'Towerfield Drive Roborough'
2014-12-31 20:31:48: 3792417, Start, 'Postbridge CP'
2014-12-31 20:31:48: 3792972, Meet , 'Tesco CP Transit Way Plymouth.'
2014-12-31 20:31:48: 3792972, Start, 'Luxulyan Church, roadside parking please use car share.'
2014-12-31 20:31:48: 3792315, Meet , 'Towerfield Drive, Roborough.'
2014-12-31 20:31:48: 3792315, Start, 'Pork Hill CP'
2014-12-31 20:31:48: 3792419, Meet , 'Towerfield Drive, Roborough'
2014-12-31 20:31:48: 3792419, Start, 'Cadover Bridge, main car park'
2014-12-31 20:31:48: 3792962, Meet , 'B&Q Marsh Mills'
2014-12-31 20:31:48: 3792962, Start, 'On street parking outside church.'
2014-12-31 20:31:48: 3792250, Meet , 'Towerfield Drive'
2014-12-31 20:31:48: 3792250, Start, 'Long Ash CP'
2014-12-31 20:31:48: 3792316, Meet , ''
2014-12-31 20:31:48: 3792316, Start, 'Haytor CP by the Information Centre and PC.'
2014-12-31 20:31:48: 3792420, Start, 'Towerfield Drive, Roborough'
2014-12-31 20:31:48: 3793036, Meet , 'Towerfield Drive, Roborough, Plymouth'
2014-12-31 20:31:48: 3793036, Start, 'Scout Hut CP'
2014-12-31 20:31:48: 3792318, Meet , 'Towerfield Drive, Roborough'
2014-12-31 20:31:48: 3792318, Start, 'Prewley Treatment Works'
2014-12-31 20:31:48: 3792255, Start, 'Meavy Village Hall'
2014-12-31 20:31:48: 3792321, Meet , 'Haye Road Playing Fields CP'
2014-12-31 20:31:48: 3792321, Start, 'Malborough Village Hall CP'
2014-12-31 20:31:48: 3792249, Start, 'Swingle Tree Pub, Kelly Bray'
2014-12-31 20:31:48: 3792324, Meet , 'Tesco Transit Way CP'
2014-12-31 20:31:48: 3792324, Start, 'Minions CP'
2014-12-31 20:31:48: 3792353, Meet , 'Towerfield Drive, Roborough.'
2014-12-31 20:31:48: 3792353, Start, 'Bennetts Cross'
2014-12-31 20:31:48: 3792354, Meet , 'Tesco Transit Way'
2014-12-31 20:31:48: 3792354, Start, 'Jewsons Timber Yard at the end of the main car park West Looe.'
2014-12-31 20:31:48: 3792422, Meet , 'Haye Road CP, Elburton'
2014-12-31 20:31:48: 3792422, Start, 'Noss Mayo tennis courts CP'
2014-12-31 20:31:48: 3792389, Meet , 'Towerfield Drive, Roborough'
2014-12-31 20:31:48: 3792389, Start, 'Shaugh Bridge CP'
2014-12-31 20:31:48: 3792918, Meet , 'Haye Road Playing Fields CP, Elburton'
2014-12-31 20:31:48: 3792918, Start, 'Tolditch roadside.'
2014-12-31 20:31:48: 3792423, Meet , 'Towerfield Drive, Roborough'
2014-12-31 20:31:48: 3792423, Start, 'Bennets Cross CP'
2014-12-31 20:31:48: 3792424, Meet , 'Towerfield Drive, Roborough'
2014-12-31 20:31:48: 3792424, Start, 'Bennets Cross CP'
2014-12-31 20:31:48: 3792390, Meet , 'Towerfield Drive, Roborough'
2014-12-31 20:31:48: 3792390, Start, 'Blackaton Cross CP'
2014-12-31 20:31:48: End of processing
