2014-12-31 20:30:50: Area Code: IL - Inner London
2014-12-31 20:30:50:  
2014-12-31 20:30:50: Lastread: 2014-12-23
 
Walk types
 
    Start Exact  End Exact                       : 41
    Start Exact                                  : 67
    Meeting Exact  Start Exact  End Exact        : 9
    Meeting Exact  Start Exact                   : 4
    Start Non-Exact  End Exact                   : 1
 
2014-12-31 20:30:50: Walkid, Type, Description
2014-12-31 20:30:50: 3780256, Start, 'Chipstead station'
2014-12-31 20:30:50: 3780257, Start, 'Wimbledon Station'
2014-12-31 20:30:50: 3785863, Start, 'Blackheath station (National Rail)'
2014-12-31 20:30:50: 3792594, Start, ' Start point: Bond Street tube Length: (outside entrance on Oxford Street)'
2014-12-31 20:30:50: 3791130, Start, 'Wendover station'
2014-12-31 20:30:50: 3792259, Start, 'Langley station'
2014-12-31 20:30:50: 3793171, Start, 'Meet Baker Street station (Zone 1, lots of lines) - outside main entrance facing Marylebone Road.'
2014-12-31 20:30:50: 3793305, Start, 'Holmwood station'
2014-12-31 20:30:50: 3793312, Start, 'Bures station'
2014-12-31 20:30:50: 3792893, Start, 'Welwyn Garden City Station'
2014-12-31 20:30:50: 3793309, Start, 'Sole Street station'
2014-12-31 20:30:50: 3793172, Start, 'Start from Turnpike Lane station (Zone 3, Piccadilly Line). Meet outside Turnpike Lane - south side exit.'
2014-12-31 20:30:50: 3792961, Meet , 'Harpenden Railway Station'
2014-12-31 20:30:50: 3792961, Start, 'Harpenden Railway Station'
2014-12-31 20:30:50: 3792973, Meet , 'Sunningdale Railway Station'
2014-12-31 20:30:50: 3792973, Start, 'Sunningdale Railway Station'
2014-12-31 20:30:50: 3793173, Start, 'Start from Sloane Square station (Zone 1, Circle and District lines). Meet outside the station.'
2014-12-31 20:30:50: 3793174, Start, 'Start from Nunhead station (Zone 2, Victoria 10.09, Denmark Hill 10.18, Peckham Rye 10.21).'
2014-12-31 20:30:50: 3792974, Meet , 'New Malden Railway Station'
2014-12-31 20:30:50: 3792974, Start, 'New Malden Railway Station'
2014-12-31 20:30:50: 3793176, Start, 'Start from Wanstead station (Zone 4, Central Line)'
2014-12-31 20:30:50: 3793177, Start, 'Start from Golders Green station (Zone 3, Northern Line)'
2014-12-31 20:30:50: 3792991, Meet , 'Wimbledon Station - Shopping Centre exit'
2014-12-31 20:30:50: 3792991, Start, 'Wimbledon Station - Shopping Centre exit'
2014-12-31 20:30:50: 3792992, Meet , 'Wimbledon Station - Shopping Centre exit'
2014-12-31 20:30:50: 3792992, Start, 'Wimbledon Station - Shopping Centre exit'
2014-12-31 20:30:50: 3793178, Start, 'Start from Wood Green station (Zone 3, Piccadilly line)'
2014-12-31 20:30:50: 3793180, Start, 'Start from St Jamess Park station (Zone 1, Circle & District lines).'
2014-12-31 20:30:50: 3792994, Meet , 'Putney Bridge Underground/Bus Station'
2014-12-31 20:30:50: 3792994, Start, 'Putney Bridge Underground/Bus Station'
2014-12-31 20:30:50: 3792995, Meet , 'Putney Bridge Underground/Bus Station'
2014-12-31 20:30:50: 3792995, Start, 'Putney Bridge Underground/Bus Station'
2014-12-31 20:30:50: 3793182, Start, 'Start from Wimbledon station - meet at main exit near ticket office (Zone 3, Waterloo 10.40, Vauxhall 10.44, Clapham Junction 10.49, plus Tramlink & District Line).'
2014-12-31 20:30:50: 3793184, Start, 'Start from Knockholt station (Zone 6, Charing Cross 9.36, Waterloo East 9.39, Hither Green 9.53).'
2014-12-31 20:30:50: 3793047, Meet , 'Tring Railway Station'
2014-12-31 20:30:50: 3793047, Start, 'Tring Railway Station'
2014-12-31 20:30:50: 3793301, Start, 'Start from Norbury station (Zone 3, Victoria 13.03, Clapham Junction 13.11, Balham 13.16).'
2014-12-31 20:30:50: 3793049, Start, 'North Sheen Railway Station'
2014-12-31 20:30:50: 3793302, Start, 'Start from Mitcham Junction station (Zone 4, Victoria 9.47, Clapham Junction 9.54, Balham 10.00). Meet by bus stop on bridge outside station. '
2014-12-31 20:30:50: 3793303, Start, 'Start from Hammersmith station (Zone 2, District, Hammersmith & City and Piccadilly lines). Meet outside Starbucks at Broadway exit from District/Piccadilly lines station.'
2014-12-31 20:30:50: 3793051, Start, 'Brighton Railway Station'
2014-12-31 20:30:50: 3793304, Start, 'Start from Cambridge Heath station (Zone 2, Liverpool Street 13.15).'
2014-12-31 20:30:50: 3793306, Start, 'Start from Barnes station (Zone 3, Waterloo 10.22, Vauxhall 10.26, Clapham Junction 10.32).'
2014-12-31 20:30:50: 3793307, Start, 'Start from London Bridge station. Meet on mainline station by the escalator adjacent to platform 9.'
2014-12-31 20:30:50: 3793308, Start, 'Start from Brixton tube statin (Zone 2, Victoria line).'
2014-12-31 20:30:50: 3793310, Start, 'Start from Hampton station (NB NOT Hampton Court) (Zone 6, Waterloo 12.42, Vauxhall 12.46, Clapham Junction 12.51).'
2014-12-31 20:30:50: 3793311, Start, 'Start from Richmond station 12.58 (Zone 4, Waterloo 12.39, Vauxhall 12.43, Clapham Junction 12.49, plus London Overground and District Line).'
2014-12-31 20:30:50: 3793313, Start, 'Start from Angel station (Zone 1, Northern Line).'
2014-12-31 20:30:50: 3793314, Start, 'Start from Charlton station (Zone 3, Cannon Street 13.07, London Bridge 13.11, Deptford 13.17). Please check train times nearer the date as they were unconfirmed when this programme was compiled.'
2014-12-31 20:30:50: 3793315, Start, 'Start from Bromley by Bow station (Zones 2/3 District and Hammersmith & City lines). Meet outside station.'
2014-12-31 20:30:50: End of processing
