2014-12-31 20:30:20: Area Code: LE - Leicestershire & Rutland
2014-12-31 20:30:20:  
2014-12-31 20:30:20: Lastread: 2014-12-23
 
Walk types
 
    Start Non-Exact                              : 88
    Start Exact                                  : 55
    Meeting Exact  Start Exact                   : 8
 
2014-12-31 20:30:20: Walkid, Type, Description
2014-12-31 20:30:20: 3783797, Start, 'The Reservoir Inn, 286 Main Street, Thornton, LE67 1AJ'
2014-12-31 20:30:20: 3793095, Start, 'Copt Oak Pub'
2014-12-31 20:30:20: 3793097, Start, 'Outwoods CP'
2014-12-31 20:30:20: 3793098, Start, 'Gotham, nr Church'
2014-12-31 20:30:20: 3793099, Start, 'Oakthorpe, Saltersford Valley CP'
2014-12-31 20:30:20: 3793100, Start, 'Castle Donington, Clapgun St CP'
2014-12-31 20:30:20: 3793101, Start, 'Leicester, St Margarets Pastures'
2014-12-31 20:30:20: 3793102, Start, 'Newbold Verdon, The Old White Swan LE99NN'
2014-12-31 20:30:20: 3793103, Start, 'Milton, The Swan Inn'
2014-12-31 20:30:20: 3793104, Start, 'Rowsley, Recreation Ground'
2014-12-31 20:30:20: 3793105, Start, 'Woodhouse Eaves, Village CP'
2014-12-31 20:30:20: 3793106, Start, 'Fleckney, Churchill Way'
2014-12-31 20:30:20: 3793109, Start, 'Mountsorrel, the Butter Market'
2014-12-31 20:30:20: 3793110, Start, 'Atherstone, Sheepy Rd CP'
2014-12-31 20:30:20: 3793111, Start, 'Stanford On Soar, Church'
2014-12-31 20:30:20: 3793112, Start, 'Shackerstone, nr The Rising Sun'
2014-12-31 20:30:20: 3793113, Start, 'Zouch, Fishermans CP'
2014-12-31 20:30:20: 3793114, Start, 'Groby, Stamford Arms'
2014-12-31 20:30:20: 3793115, Start, 'Thornton Reservoir CP'
2014-12-31 20:30:20: 3793116, Start, 'Tutbury, Monk St CP'
2014-12-31 20:30:20: 3793118, Start, 'Coalville, Marlborough Square'
2014-12-31 20:30:20: End of processing
