2014-12-31 20:27:39: Area Code: NE - Nottinghamshire
2014-12-31 20:27:39:  
2014-12-31 20:27:39: Lastread: 2014-12-23
 
Walk types
 
    Start Exact                                  : 217
    Start Non-Exact                              : 98
    Start Exact  End Exact                       : 11
    Meeting Exact  Start Exact                   : 5
 
2014-12-31 20:27:39: Walkid, Type, Description
2014-12-31 20:27:39: 3635217, Start, 'Car park at Sherwood Forest Visitors Centre, Edwinstowe. Car parking charges will apply.  It is approx. 45 mins drive from West Bridgford. '
2014-12-31 20:27:39: 3793345, Start, 'Clumber Park main car park.'
2014-12-31 20:27:39: 3793346, Start, 'Alsop Station P&D car park.'
2014-12-31 20:27:39: 3793347, Start, 'Kimberley war memorial  (by Sainsburys).'
2014-12-31 20:27:39: 3793348, Start, 'Puss in Boots pub on B5023.'
2014-12-31 20:27:39: 3793349, Start, 'Osmaston Village Hall'
2014-12-31 20:27:39: 3786712, Start, ''
2014-12-31 20:27:39: 3793350, Start, 'Normanshill Wood car park.'
2014-12-31 20:27:39: 3793351, Start, 'Broad Oak pub, Strelley village.'
2014-12-31 20:27:39: 3793352, Start, 'Chesterfield Trading Estate, parking in front of Electrosteel building.'
2014-12-31 20:27:39: 3793353, Start, 'By sailing club Ogston reservoir.'
2014-12-31 20:27:39: 3792907, Start, 'Roadside parking nr. Bramley Apple PH'
2014-12-31 20:27:39: 3793354, Start, 'Old Black Horse pub, Mapperley'
2014-12-31 20:27:39: 3792908, Start, 'Sherwood Forest Visitors’ Centre car park'
2014-12-31 20:27:39: 3793355, Start, 'Ticknall Village Hall'
2014-12-31 20:27:39: 3792909, Start, 'Village Centre'
2014-12-31 20:27:39: 3793356, Start, 'Cromford Mill P&D car park.'
2014-12-31 20:27:39: 3792910, Start, 'Harby Village Hall car park, Vale of Belvoir'
2014-12-31 20:27:39: 3793357, Start, 'White Lion pub, Kimberley.'
2014-12-31 20:27:39: 3793358, Start, 'Brinsley Headstocks car park.'
2014-12-31 20:27:39: 3792911, Start, 'St. Michael’s Church, Farnsfield'
2014-12-31 20:27:39: 3793359, Start, 'Mackleys Bridge (No 25) on the Grantham Canal'
2014-12-31 20:27:39: 3792912, Start, 'Park on Front Street nr. Willow Tree PH'
2014-12-31 20:27:39: 3793360, Start, 'Millfields car park, southern end of Carsington Water.'
2014-12-31 20:27:39: 3793361, Start, 'End of Felley Mill Lane(North).'
2014-12-31 20:27:39: 3793362, Start, 'The Three Horseshoes pub, Main Street, Morley.'
2014-12-31 20:27:39: 3792913, Start, 'Barkestone Church'
2014-12-31 20:27:39: 3793363, Start, 'Crich Market Place.'
2014-12-31 20:27:39: 3793364, Start, 'Junction of Lings Lane & Main St, Keyworth.'
2014-12-31 20:27:39: 3793365, Start, 'Eyam (free car park)'
2014-12-31 20:27:39: 3792914, Start, 'Start of Tissington Trail in Ashbourne'
2014-12-31 20:27:39: 3793366, Start, 'Swithlands Woods car park'
2014-12-31 20:27:39: 3792915, Start, 'Marston Village Hall'
2014-12-31 20:27:39: 3793367, Start, 'Ogston Reservoir car park at top end.'
2014-12-31 20:27:39: 3793368, Start, 'Trent Lock car park, Lock Lane, Sawley'
2014-12-31 20:27:39: 3792916, Start, 'Meet by Blue Ball P.H.'
2014-12-31 20:27:39: 3793369, Start, 'Longshaw Estate car park (P&D, NT members free)'
2014-12-31 20:27:39: 3793370, Start, 'Anchor Inn car park, Hathern Village.'
2014-12-31 20:27:39: 3792917, Start, 'Burrough on the Hill Village Church'
2014-12-31 20:27:39: 3793371, Start, 'Bonsall village.'
2014-12-31 20:27:39: 3793372, Start, 'Car park on Gotham Road,, East Leake.'
2014-12-31 20:27:39: 3793373, Start, 'Outside Calverton Library – park in car park or surrounding streets'
2014-12-31 20:27:39: 3793374, Start, 'Breadsall church.'
2014-12-31 20:27:39: 3793376, Start, 'Moor Lane near Youlgreave.'
2014-12-31 20:27:39: 3793377, Start, 'Bradgate Inn, Newton Linford'
2014-12-31 20:27:39: 3793378, Start, 'Crich Market Place.'
2014-12-31 20:27:39: 3793379, Start, 'Large lay by on right just past garage at Wadshelf.'
2014-12-31 20:27:39: 3793380, Start, 'Hathersage car park'
2014-12-31 20:27:39: 3793381, Start, 'Car Park In centre of Measham'
2014-12-31 20:27:39: End of processing
