2014-12-23 19:46:12: Area Code: BU - Buckinghamshire, Milton Keynes and West Middlesex
2014-12-23 19:46:12:  
2014-12-23 19:46:12: Lastread: 0000-00-00
 
Walk types
 
    Start Exact                                  : 110
    Meeting Exact  Start Exact                   : 2
    Start Exact  End Exact                       : 7
 
2014-12-23 19:46:12: Walkid, Type, Description
2014-12-23 19:46:12: 3641451, Start, ''
2014-12-23 19:46:12: 3781434, Start, 'Bourne End Railway Station car park'
2014-12-23 19:46:12: 3792073, Start, 'Nearest post code :  SL2 3TEGrid ref : SU945845'
2014-12-23 19:46:12: 3777662, Start, 'Caldecotte Windmill car park'
2014-12-23 19:46:12: 3778748, Start, ''
2014-12-23 19:46:12: 3781435, Start, 'The Britannia Pub in Marlow - find local parking'
2014-12-23 19:46:12: 3641500, Start, ''
2014-12-23 19:46:12: 3790812, Start, 'Meeting outside the West doors of St Albans Cathedral (the white brick end with the three large entrance doors, opposite end to the Christmas Fair).  Parking in St Albans is abundant in the City Centre and the Cathedral is maximum of 10min walk.'
2014-12-23 19:46:12: 3781436, Start, 'Cookley Green - park around village green'
2014-12-23 19:46:12: 3786477, Start, 'Kings Hotel CP'
2014-12-23 19:46:12: 3641483, Start, ''
2014-12-23 19:46:12: 3786478, Start, 'Meet nr church'
2014-12-23 19:46:12: 3641501, Start, ''
2014-12-23 19:46:12: 3778749, Start, ''
2014-12-23 19:46:12: 3781437, Start, 'Wooburn Green playing fields car park (near church)'
2014-12-23 19:46:12: 3781438, Start, 'Henley - Kings Road shoppers car park behind Waitrose'
2014-12-23 19:46:12: 3792074, Start, 'The Dashwood Arms at Piddington. Ample parking along the old Oxford Road close to the pub. Postcode: HP14 3BH Grid Ref: SU 806 943. '
2014-12-23 19:46:12: 3780292, Meet , 'Windsor & Eton Central Station.Car drivers - Please call at the station to pick up walkers arriving by public transport.'
2014-12-23 19:46:12: 3780292, Start, 'Cranbourne car park (but see meeting point)'
2014-12-23 19:46:12: 3790156, Start, 'Meet at the Bourne End train station car park'
2014-12-23 19:46:12: 3780173, Start, 'Start at Wendover Railway Station'
2014-12-23 19:46:12: 3786479, Start, 'Lightwater Country Park - (NB not Leisure Centre CP). Near M3, Jnct 3.'
2014-12-23 19:46:12: 3641429, Start, ''
2014-12-23 19:46:12: 3781439, Start, 'Hazlemere Recreation Ground - Left car park'
2014-12-23 19:46:12: 3777957, Start, 'Park Street, Woburn opposite St Marys Church'
2014-12-23 19:46:12: 3781440, Start, 'Lane End village car park'
2014-12-23 19:46:12: 3641452, Start, ''
2014-12-23 19:46:12: 3781441, Start, 'Flaunden - Village Hall car park on Village Hill'
2014-12-23 19:46:12: 3790813, Start, 'King Charles I Statue, which depicts Charles I on a Horse and is on a traffic island on the south side of Trafalgar Square, near Charing Cross Station. Head out of the station onto the Strand and turn toward Trafalgar Square and walk as if you were to head down the Mall and hopefully you cant miss it!'
2014-12-23 19:46:12: 3641484, Start, ''
2014-12-23 19:46:12: 3788998, Start, 'Free Car Park in Botterells Lane'
2014-12-23 19:46:12: 3792076, Start, 'Start 9:30 am Wendover Library Car Park (free on Sundays) Postcode for start - HP22 6DU  Grid Reference - SP 868 078'
2014-12-23 19:46:12: 3641502, Start, ''
2014-12-23 19:46:12: 3778046, Start, ''
2014-12-23 19:46:12: 3778750, Start, ''
2014-12-23 19:46:12: 3780496, Start, 'Putney Bridge Tube Station'
2014-12-23 19:46:12: 3781442, Start, 'Wendover library car park'
2014-12-23 19:46:12: 3781443, Start, 'Hambleden village car park (behind Stag & Huntsman pub)'
2014-12-23 19:46:12: 3788999, Start, 'Croxley Green Scotsbridge CP  (next to Rec. field) off A412'
2014-12-23 19:46:12: 3780463, Start, 'Sevenoaks station - meet on station concourse.'
2014-12-23 19:46:12: 3792002, Start, ''
2014-12-23 19:46:12: 3641453, Start, ''
2014-12-23 19:46:12: 3778751, Start, ''
2014-12-23 19:46:12: 3641430, Start, ''
2014-12-23 19:46:12: 3781444, Start, 'Cuxham - Manor Farm (park in farmyard)'
2014-12-23 19:46:12: 3789000, Start, 'Ickenham -  in front of library. (There are public toilets inside) The library CP is expensive for non-residents. Station CP is better.'
2014-12-23 19:46:12: 3780497, Start, 'Marylebone Railway Station'
2014-12-23 19:46:12: 3778752, Start, ''
2014-12-23 19:46:12: 3789001, Start, 'St Pauls Station   Central Line'
2014-12-23 19:46:12: 3641468, Start, ''
2014-12-23 19:46:12: 3641485, Start, ''
2014-12-23 19:46:12: 3781445, Start, 'Chalfont St Peter Community Centre.  Access is from Gravel Hill (the A413 towards Amersham),  SL9 9QX, GR SU999912.  y Centre car park.  Hall open from 1pm for you to eat your sandwiches before the meeting.  Contact John Esslemont (01494 881597) if you need more information.'
2014-12-23 19:46:12: 3789002, Start, 'Community Centre off Gravel Hill. Ramblers have permission to use CP'
2014-12-23 19:46:12: 3641503, Start, ''
2014-12-23 19:46:12: 3778753, Start, ''
2014-12-23 19:46:12: 3780742, Start, 'Wendover Railway Station'
2014-12-23 19:46:12: 3781446, Start, 'Cookley Green - park around village green'
2014-12-23 19:46:12: 3781447, Start, 'Cowleaze Wood car park (near Stokenchurch)'
2014-12-23 19:46:12: 3789003, Start, 'Bridgewater monument CP'
2014-12-23 19:46:12: 3780464, Start, 'Meet at Chalfont & Latimer station (main entrance, north side).Car parking available at the station.'
2014-12-23 19:46:12: 3790816, Start, 'Meet in front of the train station in Wendover.  Park at train station or in car park by library in centre of town.  Meet 10:15 for start at 10:30 sharp.'
2014-12-23 19:46:12: 3778754, Start, ''
2014-12-23 19:46:12: 3641454, Start, ''
2014-12-23 19:46:12: 3641431, Start, ''
2014-12-23 19:46:12: 3641469, Start, ''
2014-12-23 19:46:12: 3781448, Start, 'Ballinger Common sports ground car park'
2014-12-23 19:46:12: 3789004, Start, 'Rickmansworth - Aquadrome CP'
2014-12-23 19:46:12: 3778755, Start, ''
2014-12-23 19:46:12: 3641455, Start, ''
2014-12-23 19:46:12: 3781449, Start, 'Piddington, lay-by by Dashwood Arms'
2014-12-23 19:46:12: 3780743, Start, 'Ware Railway Station'
2014-12-23 19:46:12: 3790817, Start, 'Meet outside the Volvo garage on the Old Oxford Road in Tatlling End'
2014-12-23 19:46:12: 3789005, Start, 'Finchley Road Station (Met line)'
2014-12-23 19:46:12: 3789006, Start, 'Chinnor Hill CP'
2014-12-23 19:46:12: 3641504, Start, ''
2014-12-23 19:46:12: 3778047, Start, 'Meet at Newton Longville Hall car park'
2014-12-23 19:46:12: 3778756, Start, ''
2014-12-23 19:46:12: 3781450, Start, 'By Crooked Billet pub on Sheepridge Lane'
2014-12-23 19:46:12: 3781451, Start, 'Lane End village car park'
2014-12-23 19:46:12: 3780491, Start, 'Meet at entrance to Gerrards Cross station.Parking in station car park or nearby streets.'
2014-12-23 19:46:12: 3780745, Start, 'Richmond Railway Station'
2014-12-23 19:46:12: 3641456, Start, ''
2014-12-23 19:46:12: 3778757, Start, ''
2014-12-23 19:46:12: 3641432, Start, ''
2014-12-23 19:46:12: 3781452, Start, 'Cookley Green - park around village green'
2014-12-23 19:46:12: 3789007, Start, 'NT CP in Pinkneys Drive'
2014-12-23 19:46:12: 3778758, Start, ''
2014-12-23 19:46:12: 3641457, Start, ''
2014-12-23 19:46:12: 3641470, Start, ''
2014-12-23 19:46:12: 3781453, Start, 'Loudwater - Bucks Free Press car park in Station Road'
2014-12-23 19:46:12: 3780746, Start, 'Saunderton Railway Station'
2014-12-23 19:46:12: 3641486, Start, ''
2014-12-23 19:46:12: 3789008, Start, 'Northolt Station to Yeading Lane returning by bus'
2014-12-23 19:46:12: 3641505, Start, ''
2014-12-23 19:46:12: 3778048, Meet , 'Meet at 9:30 am in the car park by the Caldecotte Arms, Bletcham Way, Caldecotte Lake for lifts to Ampthill Park.'
2014-12-23 19:46:12: 3778048, Start, 'Park in the Ampthill Park car park'
2014-12-23 19:46:12: 3778759, Start, ''
2014-12-23 19:46:12: 3780753, Start, 'New Malden Railway Station'
2014-12-23 19:46:12: 3781454, Start, 'Chalfont St Giles in the car park behind the shops on the High Street'
2014-12-23 19:46:12: 3789009, Start, 'Russells Water Common'
2014-12-23 19:46:12: 3789010, Start, 'Limehouse Station (DLR/Narrow Street/Branch Rd exit)'
2014-12-23 19:46:12: 3641433, Start, ''
2014-12-23 19:46:12: 3781455, Start, 'Well End - public car park in Coldmoorholme Lane'
2014-12-23 19:46:12: 3780756, Start, 'Chalfont & Latimer Station'
2014-12-23 19:46:12: 3778760, Start, ''
2014-12-23 19:46:12: 3641458, Start, ''
2014-12-23 19:46:12: 3789011, Start, 'Farringdon Station   Metropolitan Line'
2014-12-23 19:46:12: 3641471, Start, ''
2014-12-23 19:46:12: 3778049, Start, 'Park opposite the Wheatsheaf Pub'
2014-12-23 19:46:12: 3781456, Start, 'Coombe Hill NT car park'
2014-12-23 19:46:12: 3789012, Start, 'Pay CP in Billet Lane off A412'
2014-12-23 19:46:12: 3641487, Start, ''
2014-12-23 19:46:12: 3790818, Start, 'Park around the Green or in the free car park at the Cricket Club, HP23 5RT. Aldbury gets busy so allow time to park. Meet by the duck pond.'
2014-12-23 19:46:12: 3790819, Start, 'Chalfont St Giles village green (opposite the Merlins Cave Pub) Nearest Car park is Blizzards Yard Car park (HP8 4QA) and costs: £2.40 for 4 hours, or £3.50 for all day.'
2014-12-23 19:46:12: 3790820, Start, 'Car park in Pound Lane (SL7 2AG) or park down one of the side streets and walk back to meet. Car Park cost: £3 for 6 hours or £5.50 for 12 hours'
2014-12-23 19:46:12: 3791104, Start, ''
2014-12-23 19:46:12: 3790821, Start, 'Meet in the car park in Church Lane, Chalfont St Peter'
2014-12-23 19:46:12: 3790822, Start, 'Amersham Old Town public car park, behind Toyota garage, HP7 0HL'
2014-12-23 19:46:12: 3791105, Start, ''
2014-12-23 19:46:12: 3790823, Start, 'Meet at the Bridgewater Monument, in the Ashridge National Trust Estate.  (Use postcode HP4 1LU for sat nav for the entrance)'
2014-12-23 19:46:12: 3790825, Start, 'The Raven Pub Car Park, SG5 3JB, Hexton is just North of B655, 2 miles East of Barton-Le-Cley'
2014-12-23 19:46:12: End of processing
