2014-12-31 20:32:48: Area Code: DE - Derbyshire
2014-12-31 20:32:48:  
2014-12-31 20:32:48: Lastread: 2014-12-23
 
Walk types
 
    Start Exact                                  : 210
    Meeting Exact  Start Exact                   : 22
    Start Non-Exact                              : 3
    Meeting Exact  Start Non-Exact               : 1
 
2014-12-31 20:32:48: Walkid, Type, Description
2014-12-31 20:32:48: 3792605, Start, 'Meet at layby on A608 near Morley Hayes golf club.'
2014-12-31 20:32:48: 3792869, Start, 'Meet at Foremark Reservoir car park - £2.50 pay on entry.'
2014-12-31 20:32:48: 3792870, Start, 'Meet at Sandiacre library'
2014-12-31 20:32:48: 3792871, Start, 'Meet at Staunton Harold Nursery car park.'
2014-12-31 20:32:48: 3792872, Start, 'Meet at Cromford Meadows car park - pay.'
2014-12-31 20:32:48: 3792964, Start, 'Meet at Little Eaton recreation ground car park at 10.00am'
2014-12-31 20:32:48: 3792965, Start, 'Meet at Attenborough Nature Reserve car park'
2014-12-31 20:32:48: 3792996, Start, 'Roadside parking on Church Road near to junctions with Long Lane and Narrow Lane.NOTE: This is the quiet back road running parallel and close to the B600 off the mini roundabout with the B6009 to Hucknall.Coming from M1 direction it is a little way past the Queens Head public house.'
2014-12-31 20:32:48: 3793019, Start, 'Meet at Duffield Church off Makeney Road'
2014-12-31 20:32:48: 3784412, Start, 'Great Cubley village hall cp, £1 all day'
2014-12-31 20:32:48: End of processing
