2014-12-31 20:26:14: Area Code: NS - Staffordshire
2014-12-31 20:26:14:  
2014-12-31 20:26:14: Lastread: 2014-12-23
 
Walk types
 
    Start Exact                                  : 156
    Start Non-Exact                              : 24
    Meeting Exact  Start Exact                   : 38
    Meeting Exact  Start Non-Exact               : 17
    Start Exact  End Exact                       : 4
 
2014-12-31 20:26:14: Walkid, Type, Description
2014-12-31 20:26:14: 3783606, Start, ''
2014-12-31 20:26:14: 3793121, Start, ''
2014-12-31 20:26:14: 3780290, Start, 'Secret Hill Discovery Centre, Craven Arms'
2014-12-31 20:26:14: 3792942, Start, 'Perton'
2014-12-31 20:26:14: 3792943, Start, 'Penn'
2014-12-31 20:26:14: 3792945, Start, 'Wolverhampton'
2014-12-31 20:26:14: 3792944, Start, 'Craven Arms'
2014-12-31 20:26:14: 3792946, Start, 'Wolverhampton'
2014-12-31 20:26:14: 3792947, Start, 'Codsall'
2014-12-31 20:26:14: 3792948, Start, 'Kinver'
2014-12-31 20:26:14: 3792949, Start, 'Clifton Upon Teme'
2014-12-31 20:26:14: 3792950, Start, 'Worfield'
2014-12-31 20:26:14: 3791383, Start, ' Granville Country Park Car Park.  M54 Junction 4, north on A4640 to second island, right into Granville Road, car park half mile on left.  '
2014-12-31 20:26:14: 3792951, Start, 'Ironbridge'
2014-12-31 20:26:14: 3792952, Start, 'Swindon'
2014-12-31 20:26:14: 3792953, Start, ''
2014-12-31 20:26:14: 3792954, Start, 'Dudmaston '
2014-12-31 20:26:14: 3791392, Start, 'Baron of Beef car park, Bucknell, South Shropshire.'
2014-12-31 20:26:14: End of processing
