2014-12-31 20:32:38: Area Code: WX - Hampshire
2014-12-31 20:32:38:  
2014-12-31 20:32:38: Lastread: 2014-12-23
 
Walk types
 
    Start Exact                                  : 207
    Meeting Exact  Start Exact                   : 51
    Meeting Exact  Start Exact  End Exact        : 2
    Start Non-Exact  End Exact                   : 1
    Start Non-Exact                              : 1
    Meeting Exact  Start Non-Exact               : 1
 
2014-12-31 20:32:38: Walkid, Type, Description
2014-12-31 20:32:38: 3793127, Start, 'Meet outside Willis Museum ,Top of Town Basingstoke'
2014-12-31 20:32:38: 3792904, Start, 'Park in the car park on the south side of the Heath pond in Petersfield'
2014-12-31 20:32:38: 3793128, Start, 'Meet carpark off Old Thornford Rd, Crookham Common'
2014-12-31 20:32:38: 3778170, Meet , 'Cosham Railway Station'
2014-12-31 20:32:38: 3778170, Start, 'Stoughton Down Car Park.'
2014-12-31 20:32:38: 3783960, Meet , '(L) AHCCP,       Alton Health Centre CP'
2014-12-31 20:32:38: 3783960, Start, 'Binsted sports field CP opposite Cedars PH'
2014-12-31 20:32:38: 3777932, Start, ''
2014-12-31 20:32:38: 3778171, Meet , 'Cosham Railway Station'
2014-12-31 20:32:38: 3778171, Start, 'Meet and park in lay-by opposite the old church and manor house in Greatham village.'
2014-12-31 20:32:38: 3792312, Start, 'Meet in the car park in Passage Lane, Warsash'
2014-12-31 20:32:38: 3792873, Start, 'Meet in the public park off Passage Lane'
2014-12-31 20:32:38: 3792875, Start, 'Meet in the village car park off Workhouse Lane'
2014-12-31 20:32:38: End of processing
