2014-12-31 20:31:12: Area Code: HF - Hertfordshire & North Middlesex
2014-12-31 20:31:12:  
2014-12-31 20:31:12: Lastread: 2014-12-23
 
Walk types
 
    Meeting Exact  Start Exact                   : 53
    Start Exact                                  : 115
    Start Exact  End Exact                       : 5
 
2014-12-31 20:31:12: Walkid, Type, Description
2014-12-31 20:31:12: 3793343, Start, 'Great Green in Pirton, opposite the Motte & Bailey pub. Postcode SG5 3QD '
2014-12-31 20:31:12: 3793382, Start, 'Walk start point The Red Lion Pub, The Green, Preston, Hitchin SG4 7UD.'
2014-12-31 20:31:12: 3793122, Start, 'Much Hadham.  Park at the top end of the village on the right hand side going North. You can see the church opposite across the fields to the East. '
2014-12-31 20:31:12: 3793163, Start, 'Stapleford. Park in the old road at the top of Church Lane.'
2014-12-31 20:31:12: 3793161, Start, 'Sandringham Road, Little Heath, Potters Bar (cul de sac park near Church Road end)'
2014-12-31 20:31:12: 3793009, Start, 'Hoddesdon, Dobbs Weir car park. Hoddesdon turn off A10. At second roundabout take first turning through industrial estate. Dobbs Weir is signed at the next roundabout. Car park on the right opposite pub, after single track bridge with traffic lights.'
2014-12-31 20:31:12: 3793120, Start, 'Berkhamsted Station, meet in the parking area by the castle entrance. '
2014-12-31 20:31:12: 3792868, Start, 'Little Chalfont, car park beside the football pitch at north edge of the village at the end of Chenies Ave. This is 8 mins brisk walk from Chalfont & Latimer tube station, exit N by steps to Bedford Ave, across car park and up into Chenies Ave. '
2014-12-31 20:31:12: 3793125, Start, 'Tring Station - car park charges apply.'
2014-12-31 20:31:12: 3793038, Start, 'Great Gaddesden. Take A4146 Leighton Buzzard Road north from Hemel Hempstead. After Water End take turning on left to Greater Gaddesden. Turn right after the Garden Centre and park in Church Meadow alongside the school.'
2014-12-31 20:31:12: 3791467, Start, 'Vauxhall station at the bottom of the steps to Platform 8Meet 10 mins before the 10.40 train to Hampton Court.'
2014-12-31 20:31:12: 3793018, Start, 'Wendover Library car park free on Sundays.Wendover railway station is under five minutes` walk from the start.'
2014-12-31 20:31:12: 3793015, Start, 'Graveley. Parking is opposite the George and Dragon. '
2014-12-31 20:31:12: 3793164, Start, 'Cottered. Park considerately as you can near the church.'
2014-12-31 20:31:12: 3793126, Start, 'Stanstead Abbotts  -  car park on the left (north) of the main street. A10 to the Ware turnoff, follow signs to St. Margarets. '
2014-12-31 20:31:12: 3793162, Start, 'Ridge, at the junction of Crossoaks Lane and Deeves Hall Lane.'
2014-12-31 20:31:12: 3793013, Start, 'New Wavendon Heath, Aspley Wood car park. From J13 M1 towards Woburn. Right onto A5130 then 1st left signed to Woburn Golf course.'
2014-12-31 20:31:12: 3793016, Start, 'Great Offley.  Meet by the Church but dont park too close. '
2014-12-31 20:31:12: 3793383, Start, ''
2014-12-31 20:31:12: 3793034, Start, 'Chesham Station car park (Metropolitan Line). Now has a small charge on Sundays.'
2014-12-31 20:31:12: 3793331, Start, 'Great Missenden public car park, on A4128, about 200 yds off A413, 300 yds from Great Missenden Station.'
2014-12-31 20:31:12: 3793033, Start, 'Little Munden (or Dane End) Church at the junction of the road to Green End.  From A10 to A602 for 3 miles, turn right to Dane End. Turn left up lane 1/4 mile past The Boot pub'
2014-12-31 20:31:12: 3793039, Start, 'Piccotts End, NW of Hemel. Turn north from the roundabout on A4147, and park 1/4 mile up the road past the post box on right.'
2014-12-31 20:31:12: 3793123, Start, 'Wadesmill. Parking in the road near the Feathers Pub.'
2014-12-31 20:31:12: 3792182, Start, 'Totteridge & Whetstone Tube Station. '
2014-12-31 20:31:12: 3793017, Start, 'Wendover Station.  (There is a charge for parking, but you can park down the road at the Library Car Park in the High St).  Let the leader know if you are risking public transport.'
2014-12-31 20:31:12: 3792051, Start, 'Watford: Whippendell Woods car park. At the roundabout on the A41 (by M25 link) NW of Watford, take the A411 and after 1km, turn right down Grove Mill Lane. Car park is nearly a mile on the left past the golf course.'
2014-12-31 20:31:12: 3793129, Start, 'Bledlow, west of Princes Risborough. Park considerately around the church. '
2014-12-31 20:31:12: End of processing
