2014-12-31 20:32:09: Area Code: MR - Greater Manchester & High Peak
2014-12-31 20:32:09:  
2014-12-31 20:32:09: Lastread: 2014-12-23
 
Walk types
 
    Start Exact                                  : 105
    Meeting Exact  Start Exact                   : 5
    Start Non-Exact                              : 7
 
2014-12-31 20:32:09: Walkid, Type, Description
2014-12-31 20:32:09: 3793344, Meet , 'Torr Top CP, New Mills, High Peak'
2014-12-31 20:32:09: 3793344, Start, 'Pym Chair CP'
2014-12-31 20:32:09: 3793175, Start, 'Horwich Leisure Centre Victoria Road  BL6 5PY'
2014-12-31 20:32:09: 3776974, Start, ''
2014-12-31 20:32:09: 3776975, Start, ''
2014-12-31 20:32:09: 3793179, Start, 'Horwich Leisure Centre Victoria Road Horwich'
2014-12-31 20:32:09: 3776977, Start, ''
2014-12-31 20:32:09: 3793181, Start, 'Horwich Leisure Centre Victoria Road Horwich'
2014-12-31 20:32:09: 3793183, Start, 'Horwich Leisure Centre Victoria Road Horwich'
2014-12-31 20:32:09: 3793185, Start, 'Horwich Leisure Centre Victoria Road Horwich'
2014-12-31 20:32:09: 3792958, Start, 'The walk starts at Sabden pay &display car park.  The car park at Sabden costs £1-80 and no change is given. Note that the start time shown is the meeting time in Bury. The map is Explorer 287.'
2014-12-31 20:32:09: 3793186, Start, 'Horwich Leisure Centre Victoria Road Horwich'
2014-12-31 20:32:09: 3792959, Start, 'Ramsbottom Railway Station'
2014-12-31 20:32:09: 3793187, Start, 'Horwich Leisure Centre Victoria Road Horwich'
2014-12-31 20:32:09: 3793188, Start, 'Horwich Leisure Centre Victoria Road Horwich'
2014-12-31 20:32:09: 3793218, Start, 'Horwich Leisure Centre, Victoria Road Horwich'
2014-12-31 20:32:09: 3793219, Start, 'Horwich Leisure Centre, Victoria Road, Horwich'
2014-12-31 20:32:09: 3793221, Start, 'Horwich Leisure Centre, Victoria Road, Horwich'
2014-12-31 20:32:09: 3793223, Start, 'Horwich Leisure Centre, Victoria Road, Horwich'
2014-12-31 20:32:09: 3793224, Start, 'Horwich Leisure Centre, Victoria Road, Horwich'
2014-12-31 20:32:09: 3637603, Start, ''
2014-12-31 20:32:09: End of processing
