2014-12-23 19:46:20: Area Code: CB - Cambridgeshire & Peterborough
2014-12-23 19:46:20:  
2014-12-23 19:46:20: Lastread: 0000-00-00
 
Walk types
 
    Start Exact                                  : 114
 
2014-12-23 19:46:20: Walkid, Type, Description
2014-12-23 19:46:20: 3779616, Start, ''
2014-12-23 19:46:20: 3779660, Start, ''
2014-12-23 19:46:20: 3779509, Start, ''
2014-12-23 19:46:20: 3779694, Start, ''
2014-12-23 19:46:20: 3779617, Start, ''
2014-12-23 19:46:20: 3779618, Start, ''
2014-12-23 19:46:20: 3779510, Start, ''
2014-12-23 19:46:20: 3779619, Start, ''
2014-12-23 19:46:20: 3779661, Start, ''
2014-12-23 19:46:20: 3779543, Start, ''
2014-12-23 19:46:20: 3779695, Start, ''
2014-12-23 19:46:20: 3779696, Start, ''
2014-12-23 19:46:20: 3779698, Start, ''
2014-12-23 19:46:20: 3779511, Start, ''
2014-12-23 19:46:20: 3779620, Start, ''
2014-12-23 19:46:20: 3779662, Start, ''
2014-12-23 19:46:20: 3779697, Start, ''
2014-12-23 19:46:20: 3779699, Start, ''
2014-12-23 19:46:20: 3779743, Start, ''
2014-12-23 19:46:20: 3779621, Start, ''
2014-12-23 19:46:20: 3779700, Start, ''
2014-12-23 19:46:20: 3779622, Start, ''
2014-12-23 19:46:20: 3779663, Start, ''
2014-12-23 19:46:20: 3779701, Start, ''
2014-12-23 19:46:20: 3779544, Start, ''
2014-12-23 19:46:20: 3779702, Start, ''
2014-12-23 19:46:20: 3779623, Start, ''
2014-12-23 19:46:20: 3779664, Start, ''
2014-12-23 19:46:20: 3779624, Start, ''
2014-12-23 19:46:20: 3779703, Start, ''
2014-12-23 19:46:20: 3779704, Start, ''
2014-12-23 19:46:20: 3779625, Start, ''
2014-12-23 19:46:20: 3779705, Start, ''
2014-12-23 19:46:20: 3779626, Start, ''
2014-12-23 19:46:20: 3779665, Start, ''
2014-12-23 19:46:20: 3779545, Start, ''
2014-12-23 19:46:20: 3779627, Start, ''
2014-12-23 19:46:20: 3779706, Start, ''
2014-12-23 19:46:20: 3779512, Start, ''
2014-12-23 19:46:20: 3779628, Start, ''
2014-12-23 19:46:20: 3779666, Start, ''
2014-12-23 19:46:20: 3779546, Start, ''
2014-12-23 19:46:20: 3779707, Start, ''
2014-12-23 19:46:20: 3779744, Start, ''
2014-12-23 19:46:20: 3779629, Start, ''
2014-12-23 19:46:20: 3779667, Start, ''
2014-12-23 19:46:20: 3779708, Start, ''
2014-12-23 19:46:20: 3779709, Start, ''
2014-12-23 19:46:20: 3779630, Start, ''
2014-12-23 19:46:20: 3779668, Start, ''
2014-12-23 19:46:20: 3779547, Start, ''
2014-12-23 19:46:20: 3779710, Start, ''
2014-12-23 19:46:20: 3779513, Start, ''
2014-12-23 19:46:20: 3779631, Start, ''
2014-12-23 19:46:20: 3779514, Start, ''
2014-12-23 19:46:20: 3779548, Start, ''
2014-12-23 19:46:20: 3779632, Start, ''
2014-12-23 19:46:20: 3779669, Start, ''
2014-12-23 19:46:20: 3779711, Start, ''
2014-12-23 19:46:20: 3779745, Start, ''
2014-12-23 19:46:20: 3779633, Start, ''
2014-12-23 19:46:20: 3779712, Start, ''
2014-12-23 19:46:20: 3779634, Start, ''
2014-12-23 19:46:20: 3779549, Start, ''
2014-12-23 19:46:20: 3779713, Start, ''
2014-12-23 19:46:20: 3779714, Start, ''
2014-12-23 19:46:20: 3779515, Start, ''
2014-12-23 19:46:20: 3779635, Start, ''
2014-12-23 19:46:20: 3779670, Start, ''
2014-12-23 19:46:20: 3779715, Start, ''
2014-12-23 19:46:20: 3779550, Start, ''
2014-12-23 19:46:20: 3779746, Start, ''
2014-12-23 19:46:20: 3779636, Start, ''
2014-12-23 19:46:20: 3779716, Start, ''
2014-12-23 19:46:20: 3779717, Start, ''
2014-12-23 19:46:20: 3779637, Start, ''
2014-12-23 19:46:20: 3779671, Start, ''
2014-12-23 19:46:20: 3779551, Start, ''
2014-12-23 19:46:20: 3779718, Start, ''
2014-12-23 19:46:20: 3779516, Start, ''
2014-12-23 19:46:20: 3779638, Start, ''
2014-12-23 19:46:20: 3779672, Start, ''
2014-12-23 19:46:20: 3779719, Start, ''
2014-12-23 19:46:20: 3779720, Start, ''
2014-12-23 19:46:20: 3779639, Start, ''
2014-12-23 19:46:20: 3779721, Start, ''
2014-12-23 19:46:20: 3779640, Start, ''
2014-12-23 19:46:20: 3779673, Start, ''
2014-12-23 19:46:20: 3779552, Start, ''
2014-12-23 19:46:20: 3779722, Start, ''
2014-12-23 19:46:20: 3779723, Start, ''
2014-12-23 19:46:20: 3779674, Start, ''
2014-12-23 19:46:20: 3779641, Start, ''
2014-12-23 19:46:20: 3779724, Start, ''
2014-12-23 19:46:20: 3779642, Start, ''
2014-12-23 19:46:20: 3779675, Start, ''
2014-12-23 19:46:20: 3779725, Start, ''
2014-12-23 19:46:20: 3779553, Start, ''
2014-12-23 19:46:20: 3779643, Start, ''
2014-12-23 19:46:20: 3779676, Start, ''
2014-12-23 19:46:20: 3779726, Start, ''
2014-12-23 19:46:20: 3779727, Start, ''
2014-12-23 19:46:20: 3779517, Start, ''
2014-12-23 19:46:20: 3779644, Start, ''
2014-12-23 19:46:20: 3779677, Start, ''
2014-12-23 19:46:20: 3779728, Start, ''
2014-12-23 19:46:20: 3779747, Start, ''
2014-12-23 19:46:20: 3779729, Start, ''
2014-12-23 19:46:20: 3779730, Start, ''
2014-12-23 19:46:20: 3779518, Start, ''
2014-12-23 19:46:20: 3779678, Start, ''
2014-12-23 19:46:20: 3779645, Start, ''
2014-12-23 19:46:20: 3779554, Start, ''
2014-12-23 19:46:20: 3779731, Start, ''
2014-12-23 19:46:20: End of processing
